{"numFailedTestSuites":1,"numFailedTests":0,"numPassedTestSuites":0,"numPassedTests":0,"numPendingTestSuites":0,"numPendingTests":0,"numRuntimeErrorTestSuites":1,"numTodoTests":0,"numTotalTestSuites":1,"numTotalTests":0,"openHandles":[],"snapshot":{"added":0,"didUpdate":false,"failure":false,"filesAdded":0,"filesRemoved":0,"filesRemovedList":[],"filesUnmatched":0,"filesUpdated":0,"matched":0,"total":0,"unchecked":0,"uncheckedKeysByFile":[],"unmatched":0,"updated":0},"startTime":1767988029730,"success":false,"testResults":[{"assertionResults":[],"coverage":{},"endTime":1767988030585,"message":"  \u001b[1m● \u001b[22mTest suite failed to run\n\n    \u001b[1m\u001b[31mJest encountered an unexpected token\u001b[39m\u001b[22m\n\n    Jest failed to parse a file. This happens e.g. when your code or its dependencies use non-standard JavaScript syntax, or when Jest is not configured to support such syntax.\n\n    Out of the box Jest supports Babel, which will be used to transform your files into valid JS based on your Babel configuration.\n\n    By default \"node_modules\" folder is ignored by transformers.\n\n    Here's what you can do:\n     • If you are trying to use ECMAScript Modules, see \u001b[4mhttps://jestjs.io/docs/ecmascript-modules\u001b[24m for how to enable it.\n     • If you are trying to use TypeScript, see \u001b[4mhttps://jestjs.io/docs/getting-started#using-typescript\u001b[24m\n     • To have some of your \"node_modules\" files transformed, you can specify a custom \u001b[1m\"transformIgnorePatterns\"\u001b[22m in your config.\n     • If you need a custom transformation, specify a \u001b[1m\"transform\"\u001b[22m option in your config.\n     • If you simply want to mock your non-JS modules (e.g. binary assets) you can stub them out with the \u001b[1m\"moduleNameMapper\"\u001b[22m config option.\n\n    You'll find more details and examples of these config options in the docs:\n    \u001b[36mhttps://jestjs.io/docs/configuration\u001b[39m\n    For information about custom transformations, see:\n    \u001b[36mhttps://jestjs.io/docs/code-transformation\u001b[39m\n\n    \u001b[1m\u001b[31mDetails:\u001b[39m\u001b[22m\n\n    SyntaxError: D:\\Antigravity\\Interfaz\\backend\\src\\controllers\\userController.js: Unexpected token (47:10)\n\n    \u001b[0m \u001b[90m 45 |\u001b[39m             )\u001b[33m;\u001b[39m\n     \u001b[90m 46 |\u001b[39m             res\u001b[33m.\u001b[39mstatus(\u001b[35m201\u001b[39m)\u001b[33m.\u001b[39mjson(newUser\u001b[33m.\u001b[39mrows[\u001b[35m0\u001b[39m])\u001b[33m;\u001b[39m\n    \u001b[31m\u001b[1m>\u001b[22m\u001b[39m\u001b[90m 47 |\u001b[39m         } \u001b[36mcatch\u001b[39m (err) {\n     \u001b[90m    |\u001b[39m           \u001b[31m\u001b[1m^\u001b[22m\u001b[39m\n     \u001b[90m 48 |\u001b[39m             console\u001b[33m.\u001b[39merror(err)\u001b[33m;\u001b[39m\n     \u001b[90m 49 |\u001b[39m             res\u001b[33m.\u001b[39mstatus(\u001b[35m500\u001b[39m)\u001b[33m.\u001b[39mjson({ message\u001b[33m:\u001b[39m \u001b[32m'Error creando usuario'\u001b[39m })\u001b[33m;\u001b[39m\n     \u001b[90m 50 |\u001b[39m         }\u001b[0m\n\n    \u001b[0m \u001b[90m 1 |\u001b[39m \u001b[36mconst\u001b[39m express \u001b[33m=\u001b[39m require(\u001b[32m'express'\u001b[39m)\u001b[33m;\u001b[39m\n     \u001b[90m 2 |\u001b[39m \u001b[36mconst\u001b[39m router \u001b[33m=\u001b[39m express\u001b[33m.\u001b[39m\u001b[33mRouter\u001b[39m()\u001b[33m;\u001b[39m\n    \u001b[31m\u001b[1m>\u001b[22m\u001b[39m\u001b[90m 3 |\u001b[39m \u001b[36mconst\u001b[39m userController \u001b[33m=\u001b[39m require(\u001b[32m'../controllers/userController'\u001b[39m)\u001b[33m;\u001b[39m\n     \u001b[90m   |\u001b[39m                        \u001b[31m\u001b[1m^\u001b[22m\u001b[39m\n     \u001b[90m 4 |\u001b[39m \u001b[36mconst\u001b[39m auth \u001b[33m=\u001b[39m require(\u001b[32m'../middleware/authMiddleware'\u001b[39m)\u001b[33m;\u001b[39m\n     \u001b[90m 5 |\u001b[39m \u001b[36mconst\u001b[39m admin \u001b[33m=\u001b[39m require(\u001b[32m'../middleware/adminMiddleware'\u001b[39m)\u001b[33m;\u001b[39m\n     \u001b[90m 6 |\u001b[39m \u001b[36mconst\u001b[39m multer \u001b[33m=\u001b[39m require(\u001b[32m'multer'\u001b[39m)\u001b[33m;\u001b[39m\u001b[0m\n\n      \u001b[2mat constructor (\u001b[22mnode_modules/@babel/parser/src/parse-error.ts\u001b[2m:95:45)\u001b[22m\n      \u001b[2mat Parser.toParseError [as raise] (\u001b[22mnode_modules/@babel/parser/src/tokenizer/index.ts\u001b[2m:1507:19)\u001b[22m\n      \u001b[2mat Parser.raise [as unexpected] (\u001b[22mnode_modules/@babel/parser/src/tokenizer/index.ts\u001b[2m:1547:16)\u001b[22m\n      \u001b[2mat Parser.unexpected [as parseExprAtom] (\u001b[22mnode_modules/@babel/parser/src/parser/expression.ts\u001b[2m:1355:22)\u001b[22m\n      \u001b[2mat Parser.parseExprAtom [as parseExprSubscripts] (\u001b[22mnode_modules/@babel/parser/src/parser/expression.ts\u001b[2m:742:23)\u001b[22m\n      \u001b[2mat Parser.parseExprSubscripts [as parseUpdate] (\u001b[22mnode_modules/@babel/parser/src/parser/expression.ts\u001b[2m:721:21)\u001b[22m\n      \u001b[2mat Parser.parseUpdate [as parseMaybeUnary] (\u001b[22mnode_modules/@babel/parser/src/parser/expression.ts\u001b[2m:683:23)\u001b[22m\n      \u001b[2mat Parser.parseMaybeUnary [as parseMaybeUnaryOrPrivate] (\u001b[22mnode_modules/@babel/parser/src/parser/expression.ts\u001b[2m:417:14)\u001b[22m\n      \u001b[2mat Parser.parseMaybeUnaryOrPrivate [as parseExprOps] (\u001b[22mnode_modules/@babel/parser/src/parser/expression.ts\u001b[2m:429:23)\u001b[22m\n      \u001b[2mat Parser.parseExprOps [as parseMaybeConditional] (\u001b[22mnode_modules/@babel/parser/src/parser/expression.ts\u001b[2m:384:23)\u001b[22m\n      \u001b[2mat Parser.parseMaybeConditional [as parseMaybeAssign] (\u001b[22mnode_modules/@babel/parser/src/parser/expression.ts\u001b[2m:301:21)\u001b[22m\n      \u001b[2mat Parser.parseMaybeAssign [as parseExpressionBase] (\u001b[22mnode_modules/@babel/parser/src/parser/expression.ts\u001b[2m:226:23)\u001b[22m\n      \u001b[2mat parseExpressionBase (\u001b[22mnode_modules/@babel/parser/src/parser/expression.ts\u001b[2m:217:39)\u001b[22m\n      \u001b[2mat Parser.callback [as allowInAnd] (\u001b[22mnode_modules/@babel/parser/src/parser/expression.ts\u001b[2m:3197:16)\u001b[22m\n      \u001b[2mat Parser.allowInAnd [as parseExpression] (\u001b[22mnode_modules/@babel/parser/src/parser/expression.ts\u001b[2m:217:17)\u001b[22m\n      \u001b[2mat Parser.parseExpression [as parseStatementContent] (\u001b[22mnode_modules/@babel/parser/src/parser/statement.ts\u001b[2m:688:23)\u001b[22m\n      \u001b[2mat Parser.parseStatementContent [as parseStatementLike] (\u001b[22mnode_modules/@babel/parser/src/parser/statement.ts\u001b[2m:482:17)\u001b[22m\n      \u001b[2mat Parser.parseStatementLike [as parseStatementListItem] (\u001b[22mnode_modules/@babel/parser/src/parser/statement.ts\u001b[2m:431:17)\u001b[22m\n      \u001b[2mat Parser.parseStatementListItem [as parseBlockOrModuleBlockBody] (\u001b[22mnode_modules/@babel/parser/src/parser/statement.ts\u001b[2m:1444:16)\u001b[22m\n      \u001b[2mat Parser.parseBlockOrModuleBlockBody [as parseBlockBody] (\u001b[22mnode_modules/@babel/parser/src/parser/statement.ts\u001b[2m:1417:10)\u001b[22m\n      \u001b[2mat Parser.parseBlockBody [as parseBlock] (\u001b[22mnode_modules/@babel/parser/src/parser/statement.ts\u001b[2m:1385:10)\u001b[22m\n      \u001b[2mat Parser.parseBlock [as parseTryStatement] (\u001b[22mnode_modules/@babel/parser/src/parser/statement.ts\u001b[2m:1205:23)\u001b[22m\n      \u001b[2mat Parser.parseTryStatement [as parseStatementContent] (\u001b[22mnode_modules/@babel/parser/src/parser/statement.ts\u001b[2m:549:21)\u001b[22m\n      \u001b[2mat Parser.parseStatementContent [as parseStatementLike] (\u001b[22mnode_modules/@babel/parser/src/parser/statement.ts\u001b[2m:482:17)\u001b[22m\n      \u001b[2mat Parser.parseStatementLike [as parseStatementListItem] (\u001b[22mnode_modules/@babel/parser/src/parser/statement.ts\u001b[2m:431:17)\u001b[22m\n      \u001b[2mat Parser.parseStatementListItem [as parseBlockOrModuleBlockBody] (\u001b[22mnode_modules/@babel/parser/src/parser/statement.ts\u001b[2m:1444:16)\u001b[22m\n      \u001b[2mat Parser.parseBlockOrModuleBlockBody [as parseBlockBody] (\u001b[22mnode_modules/@babel/parser/src/parser/statement.ts\u001b[2m:1417:10)\u001b[22m\n      \u001b[2mat Parser.parseBlockBody [as parseBlock] (\u001b[22mnode_modules/@babel/parser/src/parser/statement.ts\u001b[2m:1385:10)\u001b[22m\n      \u001b[2mat Parser.parseBlock [as parseFunctionBody] (\u001b[22mnode_modules/@babel/parser/src/parser/expression.ts\u001b[2m:2626:24)\u001b[22m\n      \u001b[2mat Parser.parseFunctionBody [as parseArrowExpression] (\u001b[22mnode_modules/@babel/parser/src/parser/expression.ts\u001b[2m:2563:10)\u001b[22m\n      \u001b[2mat Parser.parseArrowExpression [as parseAsyncArrowFromCallExpression] (\u001b[22mnode_modules/@babel/parser/src/parser/expression.ts\u001b[2m:1067:10)\u001b[22m\n      \u001b[2mat Parser.parseAsyncArrowFromCallExpression [as parseCoverCallAndAsyncArrowHead] (\u001b[22mnode_modules/@babel/parser/src/parser/expression.ts\u001b[2m:942:27)\u001b[22m\n      \u001b[2mat Parser.parseCoverCallAndAsyncArrowHead [as parseSubscript] (\u001b[22mnode_modules/@babel/parser/src/parser/expression.ts\u001b[2m:804:19)\u001b[22m\n      \u001b[2mat Parser.parseSubscript [as parseSubscripts] (\u001b[22mnode_modules/@babel/parser/src/parser/expression.ts\u001b[2m:763:19)\u001b[22m\n      \u001b[2mat Parser.parseSubscripts [as parseExprSubscripts] (\u001b[22mnode_modules/@babel/parser/src/parser/expression.ts\u001b[2m:748:17)\u001b[22m\n      \u001b[2mat Parser.parseExprSubscripts [as parseUpdate] (\u001b[22mnode_modules/@babel/parser/src/parser/expression.ts\u001b[2m:721:21)\u001b[22m\n      \u001b[2mat Parser.parseUpdate [as parseMaybeUnary] (\u001b[22mnode_modules/@babel/parser/src/parser/expression.ts\u001b[2m:683:23)\u001b[22m\n      \u001b[2mat Parser.parseMaybeUnary [as parseMaybeUnaryOrPrivate] (\u001b[22mnode_modules/@babel/parser/src/parser/expression.ts\u001b[2m:417:14)\u001b[22m\n      \u001b[2mat Parser.parseMaybeUnaryOrPrivate [as parseExprOps] (\u001b[22mnode_modules/@babel/parser/src/parser/expression.ts\u001b[2m:429:23)\u001b[22m\n      \u001b[2mat Parser.parseExprOps [as parseMaybeConditional] (\u001b[22mnode_modules/@babel/parser/src/parser/expression.ts\u001b[2m:384:23)\u001b[22m\n      \u001b[2mat Parser.parseMaybeConditional [as parseMaybeAssign] (\u001b[22mnode_modules/@babel/parser/src/parser/expression.ts\u001b[2m:301:21)\u001b[22m\n      \u001b[2mat Parser.parseMaybeAssign (\u001b[22mnode_modules/@babel/parser/src/parser/expression.ts\u001b[2m:345:25)\u001b[22m\n      \u001b[2mat Parser.parseMaybeAssign [as parseExpressionBase] (\u001b[22mnode_modules/@babel/parser/src/parser/expression.ts\u001b[2m:226:23)\u001b[22m\n      \u001b[2mat parseExpressionBase (\u001b[22mnode_modules/@babel/parser/src/parser/expression.ts\u001b[2m:217:39)\u001b[22m\n      \u001b[2mat Parser.callback [as allowInAnd] (\u001b[22mnode_modules/@babel/parser/src/parser/expression.ts\u001b[2m:3197:16)\u001b[22m\n      \u001b[2mat Parser.allowInAnd [as parseExpression] (\u001b[22mnode_modules/@babel/parser/src/parser/expression.ts\u001b[2m:217:17)\u001b[22m\n      \u001b[2mat Parser.parseExpression [as parseStatementContent] (\u001b[22mnode_modules/@babel/parser/src/parser/statement.ts\u001b[2m:688:23)\u001b[22m\n      \u001b[2mat Parser.parseStatementContent [as parseStatementLike] (\u001b[22mnode_modules/@babel/parser/src/parser/statement.ts\u001b[2m:482:17)\u001b[22m\n      \u001b[2mat Parser.parseStatementLike [as parseModuleItem] (\u001b[22mnode_modules/@babel/parser/src/parser/statement.ts\u001b[2m:419:17)\u001b[22m\n      \u001b[2mat Parser.parseModuleItem [as parseBlockOrModuleBlockBody] (\u001b[22mnode_modules/@babel/parser/src/parser/statement.ts\u001b[2m:1443:16)\u001b[22m\n      \u001b[2mat Parser.parseBlockOrModuleBlockBody [as parseBlockBody] (\u001b[22mnode_modules/@babel/parser/src/parser/statement.ts\u001b[2m:1417:10)\u001b[22m\n      \u001b[2mat Parser.parseBlockBody [as parseProgram] (\u001b[22mnode_modules/@babel/parser/src/parser/statement.ts\u001b[2m:229:10)\u001b[22m\n      \u001b[2mat Parser.parseProgram [as parseTopLevel] (\u001b[22mnode_modules/@babel/parser/src/parser/statement.ts\u001b[2m:203:25)\u001b[22m\n      \u001b[2mat Parser.parseTopLevel [as parse] (\u001b[22mnode_modules/@babel/parser/src/parser/index.ts\u001b[2m:88:25)\u001b[22m\n      \u001b[2mat parse (\u001b[22mnode_modules/@babel/parser/src/index.ts\u001b[2m:86:38)\u001b[22m\n      \u001b[2mat parser (\u001b[22mnode_modules/@babel/core/src/parser/index.ts\u001b[2m:29:19)\u001b[22m\n          at parser.next (<anonymous>)\n      \u001b[2mat normalizeFile (\u001b[22mnode_modules/@babel/core/src/transformation/normalize-file.ts\u001b[2m:50:24)\u001b[22m\n          at normalizeFile.next (<anonymous>)\n      \u001b[2mat run (\u001b[22mnode_modules/@babel/core/src/transformation/index.ts\u001b[2m:41:36)\u001b[22m\n          at run.next (<anonymous>)\n      \u001b[2mat transform (\u001b[22mnode_modules/@babel/core/src/transform.ts\u001b[2m:29:20)\u001b[22m\n          at transform.next (<anonymous>)\n      \u001b[2mat evaluateSync (\u001b[22mnode_modules/gensync/index.js\u001b[2m:251:28)\u001b[22m\n      \u001b[2mat sync (\u001b[22mnode_modules/gensync/index.js\u001b[2m:89:14)\u001b[22m\n      \u001b[2mat fn (\u001b[22mnode_modules/@babel/core/src/errors/rewrite-stack-trace.ts\u001b[2m:99:14)\u001b[22m\n      \u001b[2mat transformSync (\u001b[22mnode_modules/@babel/core/src/transform.ts\u001b[2m:66:52)\u001b[22m\n      \u001b[2mat ScriptTransformer.transformSource (\u001b[22mnode_modules/@jest/transform/build/index.js\u001b[2m:422:31)\u001b[22m\n      \u001b[2mat ScriptTransformer._transformAndBuildScript (\u001b[22mnode_modules/@jest/transform/build/index.js\u001b[2m:519:40)\u001b[22m\n      \u001b[2mat ScriptTransformer.transform (\u001b[22mnode_modules/@jest/transform/build/index.js\u001b[2m:558:19)\u001b[22m\n      \u001b[2mat Object.require (\u001b[22msrc/routes/userRoutes.js\u001b[2m:3:24)\u001b[22m\n      \u001b[2mat Object.require (\u001b[22msrc/app.js\u001b[2m:29:23)\u001b[22m\n      \u001b[2mat Object.require (\u001b[22m\u001b[0m\u001b[36mtests/user.test.js\u001b[39m\u001b[0m\u001b[2m:3:13)\u001b[22m\n","name":"D:\\Antigravity\\Interfaz\\backend\\tests\\user.test.js","startTime":1767988030585,"status":"failed","summary":""}],"wasInterrupted":false}
